Copyright 1986-2022 Xilinx, Inc. All Rights Reserved. Copyright 2022-2023 Advanced Micro Devices, Inc. All Rights Reserved.
---------------------------------------------------------------------------------------------------------------------------------------------
| Tool Version : Vivado v.2023.2 (lin64) Build 4029153 Fri Oct 13 20:13:54 MDT 2023
| Date         : Wed Mar 13 15:28:45 2024
| Host         : casper-VirtualBox running 64-bit Ubuntu 22.04.3 LTS
| Command      : report_utilization -hierarchical -file digilent_nexys4_utilization_hierarchical_synth.rpt
| Design       : digilent_nexys4
| Device       : xc7a100tcsg324-1
| Speed File   : -1
| Design State : Synthesized
---------------------------------------------------------------------------------------------------------------------------------------------

Utilization Design Information

Table of Contents
-----------------
1. Utilization by Hierarchy

1. Utilization by Hierarchy
---------------------------

+----------------------------+------------------+------------+------------+---------+------+------+--------+--------+------------+
|          Instance          |      Module      | Total LUTs | Logic LUTs | LUTRAMs | SRLs |  FFs | RAMB36 | RAMB18 | DSP Blocks |
+----------------------------+------------------+------------+------------+---------+------+------+--------+--------+------------+
| digilent_nexys4            |            (top) |       3011 |       2995 |      16 |    0 | 2509 |     11 |      8 |          4 |
|   (digilent_nexys4)        |            (top) |        380 |        364 |      16 |    0 | 1011 |     10 |      0 |          0 |
|   VexRiscv                 |         VexRiscv |       2533 |       2533 |       0 |    0 | 1368 |      1 |      8 |          4 |
|     (VexRiscv)             |         VexRiscv |        915 |        915 |       0 |    0 | 1191 |      0 |      2 |          4 |
|     IBusCachedPlugin_cache | InstructionCache |       1023 |       1023 |       0 |    0 |  111 |      1 |      1 |          0 |
|     dataCache_1            |        DataCache |        595 |        595 |       0 |    0 |   66 |      0 |      5 |          0 |
|   adder                    |            adder |         98 |         98 |       0 |    0 |  130 |      0 |      0 |          0 |
+----------------------------+------------------+------------+------------+---------+------+------+--------+--------+------------+


